\BOOKMARK [0][-]{section*.1}{Abstract}{}% 1
\BOOKMARK [0][-]{chapter.5}{Introduction\040and\040motivation}{}% 2
\BOOKMARK [1][-]{section.6}{Motivation}{chapter.5}% 3
\BOOKMARK [2][-]{subsection.7}{Impacts\040of\040high-temperature\040events}{section.6}% 4
\BOOKMARK [2][-]{subsection.8}{DLR's\040missions\040dedicated\040to\040high-temperature\040events\040monitoring}{section.6}% 5
\BOOKMARK [1][-]{section.10}{Outline\040of\040the\040thesis}{chapter.5}% 6
\BOOKMARK [0][-]{chapter.11}{Theoretical\040background\040of\040thermal\040infrared\040remote\040sensing}{}% 7
\BOOKMARK [1][-]{section.12}{Principles\040of\040thermal\040infrared\040remote\040sensing}{chapter.11}% 8
\BOOKMARK [2][-]{subsection.13}{The\040thermal\040infrared\040domain\040and\040atmospheric\040windows}{section.12}% 9
\BOOKMARK [2][-]{subsection.14}{The\040Planck's\040law\040and\040Stefan-Boltzmann\040law}{section.12}% 10
\BOOKMARK [1][-]{section.15}{A\040dual-channel\040method\040for\040the\040identification\040of\040subresolution\040high\040temperature\040sources}{chapter.11}% 11
\BOOKMARK [0][-]{chapter.16}{The\040MITIP,\040an\040atmospheric\040correction\040and\040image\040processing\040method}{}% 12
\BOOKMARK [1][-]{section.17}{Data\040preparation\040and\040pre-processing}{chapter.16}% 13
\BOOKMARK [2][-]{subsection.18}{Data\040preparation}{section.17}% 14
\BOOKMARK [2][-]{subsection.19}{Data\040pre-processing}{section.17}% 15
\BOOKMARK [1][-]{section.20}{Procedure\040of\040the\040MITIP}{chapter.16}% 16
\BOOKMARK [1][-]{section.21}{Outcomes\040of\040the\040MITIP}{chapter.16}% 17
\BOOKMARK [0][-]{chapter.22}{Validation\040and\040improvement\040of\040the\040MITIP}{}% 18
\BOOKMARK [1][-]{section.23}{Analysis\040of\040normal\040temperature\040environments}{chapter.22}% 19
\BOOKMARK [2][-]{subsection.24}{Data\040preparation}{section.23}% 20
\BOOKMARK [2][-]{subsection.25}{Results\040comparision\040with\040MODIS\040SST\040and\040calibration}{section.23}% 21
\BOOKMARK [2][-]{subsection.26}{transferability\040test\040\(SST\)}{section.23}% 22
\BOOKMARK [2][-]{subsection.27}{Results\040comparision\040with\040MODIS\040LST\040and\040calibration}{section.23}% 23
\BOOKMARK [2][-]{subsection.28}{transferability\040test\040\(LST\)}{section.23}% 24
\BOOKMARK [1][-]{section.29}{Conclusion\040of\040the\040comparisons\040and\040calibrations}{chapter.22}% 25
\BOOKMARK [0][-]{chapter.30}{Analysis\040of\040high-temperature\040events}{}% 26
\BOOKMARK [1][-]{section.31}{High-temperature\040events}{chapter.30}% 27
\BOOKMARK [2][-]{subsection.32}{Volcanoes}{section.31}% 28
\BOOKMARK [2][-]{subsection.33}{Fire\040events}{section.31}% 29
\BOOKMARK [1][-]{section.34}{Comparison\040with\040the\040results\040of\040the\040Zhukov's\040algorithm}{chapter.30}% 30
\BOOKMARK [2][-]{subsection.35}{Brief\040description\040of\040Zhukov's\040algorithm}{section.34}% 31
\BOOKMARK [2][-]{subsection.36}{From\040pixel-based\040to\040cluster-based\040analysis}{section.34}% 32
\BOOKMARK [2][-]{subsection.37}{Comparision}{section.34}% 33
\BOOKMARK [0][-]{chapter.38}{Conclusion\040and\040outlook}{}% 34
\BOOKMARK [1][-]{section.39}{Conclusion}{chapter.38}% 35
\BOOKMARK [1][-]{section.40}{Outlook}{chapter.38}% 36
\BOOKMARK [0][-]{chapter*.42}{Bibliography}{}% 37
